
> @mativated-monorepo/client@0.1.0 type-check C:\Users\PC\Desktop\PROJEKTY\mativated-monorepo\apps\client
> tsc

src/client.ts(1,10): error TS2724: '"@mativated-monorepo/server/src/routers"' has no exported member named 'AppRouter'. Did you mean 'appRouter'?
src/client.ts(13,31): error TS2339: Property 'sayHi' does not exist on type '"The property 'links' in your router collides with a built-in method, rename this router or procedure on your backend." | "The property 'mutation' in your router collides with a built-in method, rename this router or procedure on your backend." | ... 5 more ... | "The property 'runtime' in your router collides with ...'.
  Property 'sayHi' does not exist on type '"The property 'links' in your router collides with a built-in method, rename this router or procedure on your backend."'.
src/pages/matjournal/addSession/subcomponents/SessionTypePicker.tsx(4,10): error TS2305: Module '"utils/types"' has no exported member 'SessionType'.
src/utils/types.ts(7,9): error TS2304: Cannot find name 'SessionType'.
../server/src/routers/index.ts(1,32): error TS2307: Cannot find module '@/routers/sessions' or its corresponding type declarations.
../server/src/routers/index.ts(2,28): error TS2307: Cannot find module '@/routers/users' or its corresponding type declarations.
../server/src/routers/index.ts(3,22): error TS2307: Cannot find module '@/trpc' or its corresponding type declarations.
../server/src/routers/index.ts(12,13): error TS7006: Parameter 'v' implicitly has an 'any' type.
../server/src/routers/index.ts(16,16): error TS7006: Parameter 'req' implicitly has an 'any' type.
../server/src/server.ts(1,21): error TS2307: Cannot find module '@/app' or its corresponding type declarations.
../server/src/server.ts(2,27): error TS2307: Cannot find module '@routes/auth.route' or its corresponding type declarations.
../server/src/server.ts(3,27): error TS2307: Cannot find module '@routes/users.route' or its corresponding type declarations.
../server/src/server.ts(4,29): error TS2307: Cannot find module '@utils/validateEnv' or its corresponding type declarations.
../server/src/server.ts(8,30): error TS2307: Cannot find module '@/routers' or its corresponding type declarations.
../server/src/server.ts(9,22): error TS2307: Cannot find module '@/api/webhooks-clerk/route' or its corresponding type declarations.
../server/src/server.ts(10,24): error TS7016: Could not find a declaration file for module 'body-parser'. 'C:/Users/PC/Desktop/PROJEKTY/mativated-monorepo/node_modules/.pnpm/body-parser@1.20.2/node_modules/body-parser/index.js' implicitly has an 'any' type.
  If the 'body-parser' package actually exposes this module, consider sending a pull request to amend 'https://github.com/DefinitelyTyped/DefinitelyTyped/tree/master/types/body-parser'
 ELIFECYCLE  Command failed with exit code 2.
